\BOOKMARK [0][-]{chapter.1}{\376\377\0001\000\040\000L\000i\000s\000t\000a\000\040\000d\000e\000\040\000o\000b\000s\000o\000l\000e\000t\000o\000s\000\040}{}% 1
\BOOKMARK [0][-]{chapter.2}{\376\377\0002\000\040\000\315\000n\000d\000i\000c\000e\000\040\000d\000e\000\040\000e\000s\000p\000a\000c\000i\000o\000s\000\040\000d\000e\000\040\000n\000o\000m\000b\000r\000e\000s}{}% 2
\BOOKMARK [1][-]{section.2.1}{\376\377\0002\000.\0001\000\040\000L\000i\000s\000t\000a\000\040\000d\000e\000\040\000e\000s\000p\000a\000c\000i\000o\000s\000\040\000d\000e\000\040\000n\000o\000m\000b\000r\000e\000s}{chapter.2}% 3
\BOOKMARK [0][-]{chapter.3}{\376\377\0003\000\040\000\315\000n\000d\000i\000c\000e\000\040\000j\000e\000r\000\341\000r\000q\000u\000i\000c\000o}{}% 4
\BOOKMARK [1][-]{section.3.1}{\376\377\0003\000.\0001\000\040\000J\000e\000r\000a\000r\000q\000u\000\355\000a\000\040\000d\000e\000\040\000c\000l\000a\000s\000e\000s}{chapter.3}% 5
\BOOKMARK [0][-]{chapter.4}{\376\377\0004\000\040\000\315\000n\000d\000i\000c\000e\000\040\000d\000e\000\040\000c\000l\000a\000s\000e\000s}{}% 6
\BOOKMARK [1][-]{section.4.1}{\376\377\0004\000.\0001\000\040\000L\000i\000s\000t\000a\000\040\000d\000e\000\040\000c\000l\000a\000s\000e\000s}{chapter.4}% 7
\BOOKMARK [0][-]{chapter.5}{\376\377\0005\000\040\000\315\000n\000d\000i\000c\000e\000\040\000d\000e\000\040\000a\000r\000c\000h\000i\000v\000o\000s}{}% 8
\BOOKMARK [1][-]{section.5.1}{\376\377\0005\000.\0001\000\040\000L\000i\000s\000t\000a\000\040\000d\000e\000\040\000a\000r\000c\000h\000i\000v\000o\000s}{chapter.5}% 9
\BOOKMARK [0][-]{chapter.6}{\376\377\0006\000\040\000D\000o\000c\000u\000m\000e\000n\000t\000a\000c\000i\000\363\000n\000\040\000d\000e\000\040\000e\000s\000p\000a\000c\000i\000o\000s\000\040\000d\000e\000\040\000n\000o\000m\000b\000r\000e\000s}{}% 10
\BOOKMARK [1][-]{section.6.1}{\376\377\0006\000.\0001\000\040\000P\000a\000q\000u\000e\000t\000e\000\040\000e\000s\000.\000u\000l\000l\000.\000e\000s\000i\000t\000.\000u\000t\000i\000l\000i\000t\000i\000e\000s}{chapter.6}% 11
\BOOKMARK [1][-]{section.6.2}{\376\377\0006\000.\0002\000\040\000P\000a\000q\000u\000e\000t\000e\000\040\000e\000s\000.\000u\000l\000l\000.\000e\000s\000i\000t\000.\000u\000t\000i\000l\000s}{chapter.6}% 12
\BOOKMARK [1][-]{section.6.3}{\376\377\0006\000.\0003\000\040\000P\000a\000q\000u\000e\000t\000e\000\040\000t\000o\000p}{chapter.6}% 13
\BOOKMARK [0][-]{chapter.7}{\376\377\0007\000\040\000D\000o\000c\000u\000m\000e\000n\000t\000a\000c\000i\000\363\000n\000\040\000d\000e\000\040\000c\000l\000a\000s\000e\000s}{}% 14
\BOOKMARK [1][-]{section.7.1}{\376\377\0007\000.\0001\000\040\000R\000e\000f\000e\000r\000e\000n\000c\000i\000a\000\040\000d\000e\000\040\000l\000a\000\040\000c\000l\000a\000s\000e\000\040\000e\000s\000.\000u\000l\000l\000.\000e\000s\000i\000t\000.\000u\000t\000i\000l\000i\000t\000i\000e\000s\000.\000B\000e\000l\000l\000m\000a\000n\000F\000o\000r\000d}{chapter.7}% 15
\BOOKMARK [2][-]{subsection.7.1.1}{\376\377\0007\000.\0001\000.\0001\000\040\000D\000e\000s\000c\000r\000i\000p\000c\000i\000\363\000n\000\040\000d\000e\000t\000a\000l\000l\000a\000d\000a}{section.7.1}% 16
\BOOKMARK [2][-]{subsection.7.1.2}{\376\377\0007\000.\0001\000.\0002\000\040\000D\000o\000c\000u\000m\000e\000n\000t\000a\000c\000i\000\363\000n\000\040\000d\000e\000\040\000c\000o\000n\000s\000t\000r\000u\000c\000t\000o\000r\000e\000s\000\040\000y\000\040\000d\000e\000s\000t\000r\000u\000c\000t\000o\000r\000e\000s}{section.7.1}% 17
\BOOKMARK [3][-]{subsubsection.7.1.2.1}{\376\377\0007\000.\0001\000.\0002\000.\0001\000\040\000B\000e\000l\000l\000m\000a\000n\000F\000o\000r\000d\000\050\000\051}{subsection.7.1.2}% 18
\BOOKMARK [2][-]{subsection.7.1.3}{\376\377\0007\000.\0001\000.\0003\000\040\000D\000o\000c\000u\000m\000e\000n\000t\000a\000c\000i\000\363\000n\000\040\000d\000e\000\040\000f\000u\000n\000c\000i\000o\000n\000e\000s\000\040\000m\000i\000e\000m\000b\000r\000o}{section.7.1}% 19
\BOOKMARK [3][-]{subsubsection.7.1.3.1}{\376\377\0007\000.\0001\000.\0003\000.\0001\000\040\000c\000a\000l\000c\000u\000l\000a\000t\000e\000E\000d\000g\000e\000s\000\050\000\051}{subsection.7.1.3}% 20
\BOOKMARK [3][-]{subsubsection.7.1.3.2}{\376\377\0007\000.\0001\000.\0003\000.\0002\000\040\000g\000e\000t\000D\000i\000s\000t\000a\000n\000c\000e\000s\000\050\000\051}{subsection.7.1.3}% 21
\BOOKMARK [3][-]{subsubsection.7.1.3.3}{\376\377\0007\000.\0001\000.\0003\000.\0003\000\040\000g\000e\000t\000V\000a\000l\000u\000e\000\050\000\051}{subsection.7.1.3}% 22
\BOOKMARK [3][-]{subsubsection.7.1.3.4}{\376\377\0007\000.\0001\000.\0003\000.\0004\000\040\000s\000o\000l\000v\000e\000\050\000\051}{subsection.7.1.3}% 23
\BOOKMARK [2][-]{subsection.7.1.4}{\376\377\0007\000.\0001\000.\0004\000\040\000D\000o\000c\000u\000m\000e\000n\000t\000a\000c\000i\000\363\000n\000\040\000d\000e\000\040\000d\000a\000t\000o\000s\000\040\000m\000i\000e\000m\000b\000r\000o}{section.7.1}% 24
\BOOKMARK [3][-]{subsubsection.7.1.4.1}{\376\377\0007\000.\0001\000.\0004\000.\0001\000\040\000d\000i\000s\000t\000a\000n\000c\000e\000M\000a\000t\000r\000i\000x}{subsection.7.1.4}% 25
\BOOKMARK [3][-]{subsubsection.7.1.4.2}{\376\377\0007\000.\0001\000.\0004\000.\0002\000\040\000d\000i\000s\000t\000a\000n\000c\000e\000s}{subsection.7.1.4}% 26
\BOOKMARK [3][-]{subsubsection.7.1.4.3}{\376\377\0007\000.\0001\000.\0004\000.\0003\000\040\000e\000d\000g\000e\000s\0001}{subsection.7.1.4}% 27
\BOOKMARK [3][-]{subsubsection.7.1.4.4}{\376\377\0007\000.\0001\000.\0004\000.\0004\000\040\000e\000d\000g\000e\000s\0002}{subsection.7.1.4}% 28
\BOOKMARK [3][-]{subsubsection.7.1.4.5}{\376\377\0007\000.\0001\000.\0004\000.\0005\000\040\000I\000N\000F\000I\000N\000I\000T\000Y}{subsection.7.1.4}% 29
\BOOKMARK [3][-]{subsubsection.7.1.4.6}{\376\377\0007\000.\0001\000.\0004\000.\0006\000\040\000n\000o\000d\000e\000s}{subsection.7.1.4}% 30
\BOOKMARK [3][-]{subsubsection.7.1.4.7}{\376\377\0007\000.\0001\000.\0004\000.\0007\000\040\000p\000a\000t\000h}{subsection.7.1.4}% 31
\BOOKMARK [3][-]{subsubsection.7.1.4.8}{\376\377\0007\000.\0001\000.\0004\000.\0008\000\040\000v\000a\000l\000u\000e}{subsection.7.1.4}% 32
\BOOKMARK [1][-]{section.7.2}{\376\377\0007\000.\0002\000\040\000R\000e\000f\000e\000r\000e\000n\000c\000i\000a\000\040\000d\000e\000\040\000l\000a\000\040\000c\000l\000a\000s\000e\000\040\000e\000s\000.\000u\000l\000l\000.\000e\000s\000i\000t\000.\000u\000t\000i\000l\000i\000t\000i\000e\000s\000.\000E\000x\000p\000o\000s\000i\000t\000o\000U\000t\000i\000l\000i\000t\000i\000e\000s}{chapter.7}% 33
\BOOKMARK [2][-]{subsection.7.2.1}{\376\377\0007\000.\0002\000.\0001\000\040\000D\000e\000s\000c\000r\000i\000p\000c\000i\000\363\000n\000\040\000d\000e\000t\000a\000l\000l\000a\000d\000a}{section.7.2}% 34
\BOOKMARK [2][-]{subsection.7.2.2}{\376\377\0007\000.\0002\000.\0002\000\040\000D\000o\000c\000u\000m\000e\000n\000t\000a\000c\000i\000\363\000n\000\040\000d\000e\000\040\000f\000u\000n\000c\000i\000o\000n\000e\000s\000\040\000m\000i\000e\000m\000b\000r\000o}{section.7.2}% 35
\BOOKMARK [3][-]{subsubsection.7.2.2.1}{\376\377\0007\000.\0002\000.\0002\000.\0001\000\040\000g\000e\000t\000F\000i\000r\000s\000t\000A\000p\000p\000e\000a\000r\000a\000n\000c\000e\000\050\000\051}{subsection.7.2.2}% 36
\BOOKMARK [3][-]{subsubsection.7.2.2.2}{\376\377\0007\000.\0002\000.\0002\000.\0002\000\040\000g\000e\000t\000F\000o\000r\000m\000a\000t\000\050\000\051\000\040\000[\0001\000/\0001\0002\000]}{subsection.7.2.2}% 37
\BOOKMARK [3][-]{subsubsection.7.2.2.3}{\376\377\0007\000.\0002\000.\0002\000.\0003\000\040\000g\000e\000t\000F\000o\000r\000m\000a\000t\000\050\000\051\000\040\000[\0002\000/\0001\0002\000]}{subsection.7.2.2}% 38
\BOOKMARK [3][-]{subsubsection.7.2.2.4}{\376\377\0007\000.\0002\000.\0002\000.\0004\000\040\000g\000e\000t\000F\000o\000r\000m\000a\000t\000\050\000\051\000\040\000[\0003\000/\0001\0002\000]}{subsection.7.2.2}% 39
\BOOKMARK [3][-]{subsubsection.7.2.2.5}{\376\377\0007\000.\0002\000.\0002\000.\0005\000\040\000g\000e\000t\000F\000o\000r\000m\000a\000t\000\050\000\051\000\040\000[\0004\000/\0001\0002\000]}{subsection.7.2.2}% 40
\BOOKMARK [3][-]{subsubsection.7.2.2.6}{\376\377\0007\000.\0002\000.\0002\000.\0006\000\040\000g\000e\000t\000F\000o\000r\000m\000a\000t\000\050\000\051\000\040\000[\0005\000/\0001\0002\000]}{subsection.7.2.2}% 41
\BOOKMARK [3][-]{subsubsection.7.2.2.7}{\376\377\0007\000.\0002\000.\0002\000.\0007\000\040\000g\000e\000t\000F\000o\000r\000m\000a\000t\000\050\000\051\000\040\000[\0006\000/\0001\0002\000]}{subsection.7.2.2}% 42
\BOOKMARK [3][-]{subsubsection.7.2.2.8}{\376\377\0007\000.\0002\000.\0002\000.\0008\000\040\000g\000e\000t\000F\000o\000r\000m\000a\000t\000\050\000\051\000\040\000[\0007\000/\0001\0002\000]}{subsection.7.2.2}% 43
\BOOKMARK [3][-]{subsubsection.7.2.2.9}{\376\377\0007\000.\0002\000.\0002\000.\0009\000\040\000g\000e\000t\000F\000o\000r\000m\000a\000t\000\050\000\051\000\040\000[\0008\000/\0001\0002\000]}{subsection.7.2.2}% 44
\BOOKMARK [3][-]{subsubsection.7.2.2.10}{\376\377\0007\000.\0002\000.\0002\000.\0001\0000\000\040\000g\000e\000t\000F\000o\000r\000m\000a\000t\000\050\000\051\000\040\000[\0009\000/\0001\0002\000]}{subsection.7.2.2}% 45
\BOOKMARK [3][-]{subsubsection.7.2.2.11}{\376\377\0007\000.\0002\000.\0002\000.\0001\0001\000\040\000g\000e\000t\000F\000o\000r\000m\000a\000t\000\050\000\051\000\040\000[\0001\0000\000/\0001\0002\000]}{subsection.7.2.2}% 46
\BOOKMARK [3][-]{subsubsection.7.2.2.12}{\376\377\0007\000.\0002\000.\0002\000.\0001\0002\000\040\000g\000e\000t\000F\000o\000r\000m\000a\000t\000\050\000\051\000\040\000[\0001\0001\000/\0001\0002\000]}{subsection.7.2.2}% 47
\BOOKMARK [3][-]{subsubsection.7.2.2.13}{\376\377\0007\000.\0002\000.\0002\000.\0001\0003\000\040\000g\000e\000t\000F\000o\000r\000m\000a\000t\000\050\000\051\000\040\000[\0001\0002\000/\0001\0002\000]}{subsection.7.2.2}% 48
\BOOKMARK [3][-]{subsubsection.7.2.2.14}{\376\377\0007\000.\0002\000.\0002\000.\0001\0004\000\040\000i\000s\000A\000c\000y\000c\000l\000i\000c\000\050\000\051}{subsection.7.2.2}% 49
\BOOKMARK [3][-]{subsubsection.7.2.2.15}{\376\377\0007\000.\0002\000.\0002\000.\0001\0005\000\040\000i\000s\000D\000o\000u\000b\000l\000e\000\050\000\051}{subsection.7.2.2}% 50
\BOOKMARK [3][-]{subsubsection.7.2.2.16}{\376\377\0007\000.\0002\000.\0002\000.\0001\0006\000\040\000i\000s\000I\000n\000t\000e\000g\000e\000r\000\050\000\051}{subsection.7.2.2}% 51
\BOOKMARK [3][-]{subsubsection.7.2.2.17}{\376\377\0007\000.\0002\000.\0002\000.\0001\0007\000\040\000m\000u\000l\000t\000i\000p\000l\000y\000M\000a\000t\000r\000i\000c\000e\000s\000\050\000\051}{subsection.7.2.2}% 52
\BOOKMARK [3][-]{subsubsection.7.2.2.18}{\376\377\0007\000.\0002\000.\0002\000.\0001\0008\000\040\000p\000r\000i\000n\000t\000F\000i\000l\000e\000\050\000\051}{subsection.7.2.2}% 53
\BOOKMARK [3][-]{subsubsection.7.2.2.19}{\376\377\0007\000.\0002\000.\0002\000.\0001\0009\000\040\000s\000i\000m\000p\000l\000i\000f\000y\000S\000t\000r\000i\000n\000g\000\050\000\051}{subsection.7.2.2}% 54
\BOOKMARK [3][-]{subsubsection.7.2.2.20}{\376\377\0007\000.\0002\000.\0002\000.\0002\0000\000\040\000t\000h\000e\000r\000e\000I\000s\000P\000a\000t\000h\000\050\000\051}{subsection.7.2.2}% 55
\BOOKMARK [3][-]{subsubsection.7.2.2.21}{\376\377\0007\000.\0002\000.\0002\000.\0002\0001\000\040\000w\000r\000i\000t\000e\000T\000e\000x\000t\000T\000o\000F\000i\000l\000e\000\050\000\051}{subsection.7.2.2}% 56
\BOOKMARK [2][-]{subsection.7.2.3}{\376\377\0007\000.\0002\000.\0003\000\040\000D\000o\000c\000u\000m\000e\000n\000t\000a\000c\000i\000\363\000n\000\040\000d\000e\000\040\000d\000a\000t\000o\000s\000\040\000m\000i\000e\000m\000b\000r\000o}{section.7.2}% 57
\BOOKMARK [3][-]{subsubsection.7.2.3.1}{\376\377\0007\000.\0002\000.\0003\000.\0001\000\040\000A\000L\000I\000G\000N\000M\000E\000N\000T\000\137\000L\000E\000F\000T}{subsection.7.2.3}% 58
\BOOKMARK [3][-]{subsubsection.7.2.3.2}{\376\377\0007\000.\0002\000.\0003\000.\0002\000\040\000A\000L\000I\000G\000N\000M\000E\000N\000T\000\137\000R\000I\000G\000H\000T}{subsection.7.2.3}% 59
\BOOKMARK [3][-]{subsubsection.7.2.3.3}{\376\377\0007\000.\0002\000.\0003\000.\0003\000\040\000D\000E\000F\000A\000U\000L\000T\000\137\000C\000O\000L\000U\000M\000N\000\137\000W\000I\000D\000T\000H}{subsection.7.2.3}% 60
\BOOKMARK [1][-]{section.7.3}{\376\377\0007\000.\0003\000\040\000R\000e\000f\000e\000r\000e\000n\000c\000i\000a\000\040\000d\000e\000\040\000l\000a\000\040\000c\000l\000a\000s\000e\000\040\000t\000o\000p\000.\000m\000a\000i\000n\000T\000O\000P\000T\000W}{chapter.7}% 61
\BOOKMARK [2][-]{subsection.7.3.1}{\376\377\0007\000.\0003\000.\0001\000\040\000D\000e\000s\000c\000r\000i\000p\000c\000i\000\363\000n\000\040\000d\000e\000t\000a\000l\000l\000a\000d\000a}{section.7.3}% 62
\BOOKMARK [2][-]{subsection.7.3.2}{\376\377\0007\000.\0003\000.\0002\000\040\000D\000o\000c\000u\000m\000e\000n\000t\000a\000c\000i\000\363\000n\000\040\000d\000e\000\040\000f\000u\000n\000c\000i\000o\000n\000e\000s\000\040\000m\000i\000e\000m\000b\000r\000o}{section.7.3}% 63
\BOOKMARK [3][-]{subsubsection.7.3.2.1}{\376\377\0007\000.\0003\000.\0002\000.\0001\000\040\000m\000a\000i\000n\000\050\000\051}{subsection.7.3.2}% 64
\BOOKMARK [1][-]{section.7.4}{\376\377\0007\000.\0004\000\040\000R\000e\000f\000e\000r\000e\000n\000c\000i\000a\000\040\000d\000e\000\040\000l\000a\000\040\000p\000l\000a\000n\000t\000i\000l\000l\000a\000\040\000d\000e\000\040\000l\000a\000\040\000c\000l\000a\000s\000e\000\040\000e\000s\000.\000u\000l\000l\000.\000e\000s\000i\000t\000.\000u\000t\000i\000l\000s\000.\000P\000a\000i\000r\000<\000\040\000F\000,\000\040\000S\000\040\000>}{chapter.7}% 65
\BOOKMARK [2][-]{subsection.7.4.1}{\376\377\0007\000.\0004\000.\0001\000\040\000D\000e\000s\000c\000r\000i\000p\000c\000i\000\363\000n\000\040\000d\000e\000t\000a\000l\000l\000a\000d\000a}{section.7.4}% 66
\BOOKMARK [2][-]{subsection.7.4.2}{\376\377\0007\000.\0004\000.\0002\000\040\000D\000o\000c\000u\000m\000e\000n\000t\000a\000c\000i\000\363\000n\000\040\000d\000e\000\040\000c\000o\000n\000s\000t\000r\000u\000c\000t\000o\000r\000e\000s\000\040\000y\000\040\000d\000e\000s\000t\000r\000u\000c\000t\000o\000r\000e\000s}{section.7.4}% 67
\BOOKMARK [3][-]{subsubsection.7.4.2.1}{\376\377\0007\000.\0004\000.\0002\000.\0001\000\040\000P\000a\000i\000r\000\050\000\051}{subsection.7.4.2}% 68
\BOOKMARK [2][-]{subsection.7.4.3}{\376\377\0007\000.\0004\000.\0003\000\040\000D\000o\000c\000u\000m\000e\000n\000t\000a\000c\000i\000\363\000n\000\040\000d\000e\000\040\000f\000u\000n\000c\000i\000o\000n\000e\000s\000\040\000m\000i\000e\000m\000b\000r\000o}{section.7.4}% 69
\BOOKMARK [3][-]{subsubsection.7.4.3.1}{\376\377\0007\000.\0004\000.\0003\000.\0001\000\040\000c\000r\000e\000a\000t\000e\000\050\000\051}{subsection.7.4.3}% 70
\BOOKMARK [3][-]{subsubsection.7.4.3.2}{\376\377\0007\000.\0004\000.\0003\000.\0002\000\040\000e\000q\000u\000a\000l\000s\000\050\000\051}{subsection.7.4.3}% 71
\BOOKMARK [3][-]{subsubsection.7.4.3.3}{\376\377\0007\000.\0004\000.\0003\000.\0003\000\040\000h\000a\000s\000h\000C\000o\000d\000e\000\050\000\051}{subsection.7.4.3}% 72
\BOOKMARK [2][-]{subsection.7.4.4}{\376\377\0007\000.\0004\000.\0004\000\040\000D\000o\000c\000u\000m\000e\000n\000t\000a\000c\000i\000\363\000n\000\040\000d\000e\000\040\000d\000a\000t\000o\000s\000\040\000m\000i\000e\000m\000b\000r\000o}{section.7.4}% 73
\BOOKMARK [3][-]{subsubsection.7.4.4.1}{\376\377\0007\000.\0004\000.\0004\000.\0001\000\040\000f\000i\000r\000s\000t}{subsection.7.4.4}% 74
\BOOKMARK [3][-]{subsubsection.7.4.4.2}{\376\377\0007\000.\0004\000.\0004\000.\0002\000\040\000s\000e\000c\000o\000n\000d}{subsection.7.4.4}% 75
\BOOKMARK [1][-]{section.7.5}{\376\377\0007\000.\0005\000\040\000R\000e\000f\000e\000r\000e\000n\000c\000i\000a\000\040\000d\000e\000\040\000l\000a\000\040\000p\000l\000a\000n\000t\000i\000l\000l\000a\000\040\000d\000e\000\040\000l\000a\000\040\000c\000l\000a\000s\000e\000\040\000e\000s\000.\000u\000l\000l\000.\000e\000s\000i\000t\000.\000u\000t\000i\000l\000i\000t\000i\000e\000s\000.\000P\000o\000w\000e\000r\000S\000e\000t\000<\000\040\000E\000\040\000>}{chapter.7}% 76
\BOOKMARK [2][-]{subsection.7.5.1}{\376\377\0007\000.\0005\000.\0001\000\040\000D\000e\000s\000c\000r\000i\000p\000c\000i\000\363\000n\000\040\000d\000e\000t\000a\000l\000l\000a\000d\000a}{section.7.5}% 77
\BOOKMARK [2][-]{subsection.7.5.2}{\376\377\0007\000.\0005\000.\0002\000\040\000D\000o\000c\000u\000m\000e\000n\000t\000a\000c\000i\000\363\000n\000\040\000d\000e\000\040\000c\000o\000n\000s\000t\000r\000u\000c\000t\000o\000r\000e\000s\000\040\000y\000\040\000d\000e\000s\000t\000r\000u\000c\000t\000o\000r\000e\000s}{section.7.5}% 78
\BOOKMARK [3][-]{subsubsection.7.5.2.1}{\376\377\0007\000.\0005\000.\0002\000.\0001\000\040\000P\000o\000w\000e\000r\000S\000e\000t\000\050\000\051}{subsection.7.5.2}% 79
\BOOKMARK [2][-]{subsection.7.5.3}{\376\377\0007\000.\0005\000.\0003\000\040\000D\000o\000c\000u\000m\000e\000n\000t\000a\000c\000i\000\363\000n\000\040\000d\000e\000\040\000f\000u\000n\000c\000i\000o\000n\000e\000s\000\040\000m\000i\000e\000m\000b\000r\000o}{section.7.5}% 80
\BOOKMARK [3][-]{subsubsection.7.5.3.1}{\376\377\0007\000.\0005\000.\0003\000.\0001\000\040\000i\000t\000e\000r\000a\000t\000o\000r\000\050\000\051}{subsection.7.5.3}% 81
\BOOKMARK [2][-]{subsection.7.5.4}{\376\377\0007\000.\0005\000.\0004\000\040\000D\000o\000c\000u\000m\000e\000n\000t\000a\000c\000i\000\363\000n\000\040\000d\000e\000\040\000d\000a\000t\000o\000s\000\040\000m\000i\000e\000m\000b\000r\000o}{section.7.5}% 82
\BOOKMARK [3][-]{subsubsection.7.5.4.1}{\376\377\0007\000.\0005\000.\0004\000.\0001\000\040\000a\000r\000r}{subsection.7.5.4}% 83
\BOOKMARK [1][-]{section.7.6}{\376\377\0007\000.\0006\000\040\000R\000e\000f\000e\000r\000e\000n\000c\000i\000a\000\040\000d\000e\000\040\000l\000a\000\040\000c\000l\000a\000s\000e\000\040\000e\000s\000.\000u\000l\000l\000.\000e\000s\000i\000t\000.\000u\000t\000i\000l\000i\000t\000i\000e\000s\000.\000P\000o\000w\000e\000r\000S\000e\000t\000<\000\040\000E\000\040\000>\000.\000P\000o\000w\000e\000r\000S\000e\000t\000I\000t\000e\000r\000a\000t\000o\000r}{chapter.7}% 84
\BOOKMARK [2][-]{subsection.7.6.1}{\376\377\0007\000.\0006\000.\0001\000\040\000D\000e\000s\000c\000r\000i\000p\000c\000i\000\363\000n\000\040\000d\000e\000t\000a\000l\000l\000a\000d\000a}{section.7.6}% 85
\BOOKMARK [2][-]{subsection.7.6.2}{\376\377\0007\000.\0006\000.\0002\000\040\000D\000o\000c\000u\000m\000e\000n\000t\000a\000c\000i\000\363\000n\000\040\000d\000e\000\040\000f\000u\000n\000c\000i\000o\000n\000e\000s\000\040\000m\000i\000e\000m\000b\000r\000o}{section.7.6}% 86
\BOOKMARK [3][-]{subsubsection.7.6.2.1}{\376\377\0007\000.\0006\000.\0002\000.\0001\000\040\000h\000a\000s\000N\000e\000x\000t\000\050\000\051}{subsection.7.6.2}% 87
\BOOKMARK [3][-]{subsubsection.7.6.2.2}{\376\377\0007\000.\0006\000.\0002\000.\0002\000\040\000n\000e\000x\000t\000\050\000\051}{subsection.7.6.2}% 88
\BOOKMARK [3][-]{subsubsection.7.6.2.3}{\376\377\0007\000.\0006\000.\0002\000.\0003\000\040\000r\000e\000m\000o\000v\000e\000\050\000\051}{subsection.7.6.2}% 89
\BOOKMARK [2][-]{subsection.7.6.3}{\376\377\0007\000.\0006\000.\0003\000\040\000D\000o\000c\000u\000m\000e\000n\000t\000a\000c\000i\000\363\000n\000\040\000d\000e\000\040\000d\000a\000t\000o\000s\000\040\000m\000i\000e\000m\000b\000r\000o}{section.7.6}% 90
\BOOKMARK [3][-]{subsubsection.7.6.3.1}{\376\377\0007\000.\0006\000.\0003\000.\0001\000\040\000b\000s\000e\000t}{subsection.7.6.3}% 91
\BOOKMARK [1][-]{section.7.7}{\376\377\0007\000.\0007\000\040\000R\000e\000f\000e\000r\000e\000n\000c\000i\000a\000\040\000d\000e\000\040\000l\000a\000\040\000c\000l\000a\000s\000e\000\040\000t\000o\000p\000.\000T\000O\000P\000T\000W}{chapter.7}% 92
\BOOKMARK [2][-]{subsection.7.7.1}{\376\377\0007\000.\0007\000.\0001\000\040\000D\000e\000s\000c\000r\000i\000p\000c\000i\000\363\000n\000\040\000d\000e\000t\000a\000l\000l\000a\000d\000a}{section.7.7}% 93
\BOOKMARK [2][-]{subsection.7.7.2}{\376\377\0007\000.\0007\000.\0002\000\040\000D\000o\000c\000u\000m\000e\000n\000t\000a\000c\000i\000\363\000n\000\040\000d\000e\000\040\000c\000o\000n\000s\000t\000r\000u\000c\000t\000o\000r\000e\000s\000\040\000y\000\040\000d\000e\000s\000t\000r\000u\000c\000t\000o\000r\000e\000s}{section.7.7}% 94
\BOOKMARK [3][-]{subsubsection.7.7.2.1}{\376\377\0007\000.\0007\000.\0002\000.\0001\000\040\000T\000O\000P\000T\000W\000\050\000\051}{subsection.7.7.2}% 95
\BOOKMARK [2][-]{subsection.7.7.3}{\376\377\0007\000.\0007\000.\0003\000\040\000D\000o\000c\000u\000m\000e\000n\000t\000a\000c\000i\000\363\000n\000\040\000d\000e\000\040\000f\000u\000n\000c\000i\000o\000n\000e\000s\000\040\000m\000i\000e\000m\000b\000r\000o}{section.7.7}% 96
\BOOKMARK [3][-]{subsubsection.7.7.3.1}{\376\377\0007\000.\0007\000.\0003\000.\0001\000\040\000a\000d\000d\000N\000o\000d\000e\000\050\000\051}{subsection.7.7.3}% 97
\BOOKMARK [3][-]{subsubsection.7.7.3.2}{\376\377\0007\000.\0007\000.\0003\000.\0002\000\040\000a\000d\000d\000N\000o\000d\000e\000D\000e\000p\000o\000t\000\050\000\051}{subsection.7.7.3}% 98
\BOOKMARK [3][-]{subsubsection.7.7.3.3}{\376\377\0007\000.\0007\000.\0003\000.\0003\000\040\000c\000a\000l\000c\000u\000l\000a\000t\000e\000D\000i\000s\000t\000a\000n\000c\000e\000M\000a\000t\000r\000i\000x\000\050\000\051}{subsection.7.7.3}% 99
\BOOKMARK [3][-]{subsubsection.7.7.3.4}{\376\377\0007\000.\0007\000.\0003\000.\0004\000\040\000g\000e\000t\000D\000i\000s\000t\000a\000n\000c\000e\000\050\000\051\000\040\000[\0001\000/\0004\000]}{subsection.7.7.3}% 100
\BOOKMARK [3][-]{subsubsection.7.7.3.5}{\376\377\0007\000.\0007\000.\0003\000.\0005\000\040\000g\000e\000t\000D\000i\000s\000t\000a\000n\000c\000e\000\050\000\051\000\040\000[\0002\000/\0004\000]}{subsection.7.7.3}% 101
\BOOKMARK [3][-]{subsubsection.7.7.3.6}{\376\377\0007\000.\0007\000.\0003\000.\0006\000\040\000g\000e\000t\000D\000i\000s\000t\000a\000n\000c\000e\000\050\000\051\000\040\000[\0003\000/\0004\000]}{subsection.7.7.3}% 102
\BOOKMARK [3][-]{subsubsection.7.7.3.7}{\376\377\0007\000.\0007\000.\0003\000.\0007\000\040\000g\000e\000t\000D\000i\000s\000t\000a\000n\000c\000e\000\050\000\051\000\040\000[\0004\000/\0004\000]}{subsection.7.7.3}% 103
\BOOKMARK [3][-]{subsubsection.7.7.3.8}{\376\377\0007\000.\0007\000.\0003\000.\0008\000\040\000g\000e\000t\000D\000u\000e\000T\000i\000m\000e\000\050\000\051}{subsection.7.7.3}% 104
\BOOKMARK [3][-]{subsubsection.7.7.3.9}{\376\377\0007\000.\0007\000.\0003\000.\0009\000\040\000g\000e\000t\000M\000a\000x\000R\000o\000u\000t\000e\000s\000\050\000\051}{subsection.7.7.3}% 105
\BOOKMARK [3][-]{subsubsection.7.7.3.10}{\376\377\0007\000.\0007\000.\0003\000.\0001\0000\000\040\000g\000e\000t\000M\000a\000x\000T\000i\000m\000e\000P\000e\000r\000R\000o\000u\000t\000e\000\050\000\051}{subsection.7.7.3}% 106
\BOOKMARK [3][-]{subsubsection.7.7.3.11}{\376\377\0007\000.\0007\000.\0003\000.\0001\0001\000\040\000g\000e\000t\000N\000o\000d\000e\000s\000\050\000\051}{subsection.7.7.3}% 107
\BOOKMARK [3][-]{subsubsection.7.7.3.12}{\376\377\0007\000.\0007\000.\0003\000.\0001\0002\000\040\000g\000e\000t\000P\000O\000I\000s\000\050\000\051}{subsection.7.7.3}% 108
\BOOKMARK [3][-]{subsubsection.7.7.3.13}{\376\377\0007\000.\0007\000.\0003\000.\0001\0003\000\040\000g\000e\000t\000R\000e\000a\000d\000y\000T\000i\000m\000e\000\050\000\051}{subsection.7.7.3}% 109
\BOOKMARK [3][-]{subsubsection.7.7.3.14}{\376\377\0007\000.\0007\000.\0003\000.\0001\0004\000\040\000g\000e\000t\000S\000c\000o\000r\000e\000\050\000\051\000\040\000[\0001\000/\0002\000]}{subsection.7.7.3}% 110
\BOOKMARK [3][-]{subsubsection.7.7.3.15}{\376\377\0007\000.\0007\000.\0003\000.\0001\0005\000\040\000g\000e\000t\000S\000c\000o\000r\000e\000\050\000\051\000\040\000[\0002\000/\0002\000]}{subsection.7.7.3}% 111
\BOOKMARK [3][-]{subsubsection.7.7.3.16}{\376\377\0007\000.\0007\000.\0003\000.\0001\0006\000\040\000g\000e\000t\000S\000e\000r\000v\000i\000c\000e\000T\000i\000m\000e\000\050\000\051}{subsection.7.7.3}% 112
\BOOKMARK [3][-]{subsubsection.7.7.3.17}{\376\377\0007\000.\0007\000.\0003\000.\0001\0007\000\040\000g\000e\000t\000T\000i\000m\000e\000\050\000\051}{subsection.7.7.3}% 113
\BOOKMARK [3][-]{subsubsection.7.7.3.18}{\376\377\0007\000.\0007\000.\0003\000.\0001\0008\000\040\000g\000e\000t\000V\000e\000h\000i\000c\000l\000e\000s\000\050\000\051}{subsection.7.7.3}% 114
\BOOKMARK [3][-]{subsubsection.7.7.3.19}{\376\377\0007\000.\0007\000.\0003\000.\0001\0009\000\040\000g\000e\000t\000X\000\050\000\051}{subsection.7.7.3}% 115
\BOOKMARK [3][-]{subsubsection.7.7.3.20}{\376\377\0007\000.\0007\000.\0003\000.\0002\0000\000\040\000g\000e\000t\000Y\000\050\000\051}{subsection.7.7.3}% 116
\BOOKMARK [3][-]{subsubsection.7.7.3.21}{\376\377\0007\000.\0007\000.\0003\000.\0002\0001\000\040\000i\000s\000D\000e\000p\000o\000t\000\050\000\051}{subsection.7.7.3}% 117
\BOOKMARK [3][-]{subsubsection.7.7.3.22}{\376\377\0007\000.\0007\000.\0003\000.\0002\0002\000\040\000s\000e\000t\000D\000u\000e\000T\000i\000m\000e\000\050\000\051}{subsection.7.7.3}% 118
\BOOKMARK [3][-]{subsubsection.7.7.3.23}{\376\377\0007\000.\0007\000.\0003\000.\0002\0003\000\040\000s\000e\000t\000M\000a\000x\000R\000o\000u\000t\000e\000s\000\050\000\051}{subsection.7.7.3}% 119
\BOOKMARK [3][-]{subsubsection.7.7.3.24}{\376\377\0007\000.\0007\000.\0003\000.\0002\0004\000\040\000s\000e\000t\000M\000a\000x\000T\000i\000m\000e\000P\000e\000r\000R\000o\000u\000t\000e\000\050\000\051}{subsection.7.7.3}% 120
\BOOKMARK [3][-]{subsubsection.7.7.3.25}{\376\377\0007\000.\0007\000.\0003\000.\0002\0005\000\040\000s\000e\000t\000N\000o\000d\000e\000s\000\050\000\051}{subsection.7.7.3}% 121
\BOOKMARK [3][-]{subsubsection.7.7.3.26}{\376\377\0007\000.\0007\000.\0003\000.\0002\0006\000\040\000s\000e\000t\000R\000e\000a\000d\000y\000T\000i\000m\000e\000\050\000\051}{subsection.7.7.3}% 122
\BOOKMARK [3][-]{subsubsection.7.7.3.27}{\376\377\0007\000.\0007\000.\0003\000.\0002\0007\000\040\000s\000e\000t\000S\000c\000o\000r\000e\000\050\000\051}{subsection.7.7.3}% 123
\BOOKMARK [3][-]{subsubsection.7.7.3.28}{\376\377\0007\000.\0007\000.\0003\000.\0002\0008\000\040\000s\000e\000t\000S\000e\000r\000v\000i\000c\000e\000T\000i\000m\000e\000\050\000\051}{subsection.7.7.3}% 124
\BOOKMARK [3][-]{subsubsection.7.7.3.29}{\376\377\0007\000.\0007\000.\0003\000.\0002\0009\000\040\000s\000e\000t\000X\000\050\000\051}{subsection.7.7.3}% 125
\BOOKMARK [3][-]{subsubsection.7.7.3.30}{\376\377\0007\000.\0007\000.\0003\000.\0003\0000\000\040\000s\000e\000t\000Y\000\050\000\051}{subsection.7.7.3}% 126
\BOOKMARK [3][-]{subsubsection.7.7.3.31}{\376\377\0007\000.\0007\000.\0003\000.\0003\0001\000\040\000t\000o\000S\000t\000r\000i\000n\000g\000\050\000\051}{subsection.7.7.3}% 127
\BOOKMARK [2][-]{subsection.7.7.4}{\376\377\0007\000.\0007\000.\0004\000\040\000D\000o\000c\000u\000m\000e\000n\000t\000a\000c\000i\000\363\000n\000\040\000d\000e\000\040\000d\000a\000t\000o\000s\000\040\000m\000i\000e\000m\000b\000r\000o}{section.7.7}% 128
\BOOKMARK [3][-]{subsubsection.7.7.4.1}{\376\377\0007\000.\0007\000.\0004\000.\0001\000\040\000d\000e\000p\000o\000t\000s}{subsection.7.7.4}% 129
\BOOKMARK [3][-]{subsubsection.7.7.4.2}{\376\377\0007\000.\0007\000.\0004\000.\0002\000\040\000d\000i\000s\000t\000a\000n\000c\000e\000M\000a\000t\000r\000i\000x}{subsection.7.7.4}% 130
\BOOKMARK [3][-]{subsubsection.7.7.4.3}{\376\377\0007\000.\0007\000.\0004\000.\0003\000\040\000d\000u\000e\000T\000i\000m\000e}{subsection.7.7.4}% 131
\BOOKMARK [3][-]{subsubsection.7.7.4.4}{\376\377\0007\000.\0007\000.\0004\000.\0004\000\040\000m\000a\000x\000R\000o\000u\000t\000e\000s}{subsection.7.7.4}% 132
\BOOKMARK [3][-]{subsubsection.7.7.4.5}{\376\377\0007\000.\0007\000.\0004\000.\0005\000\040\000m\000a\000x\000T\000i\000m\000e\000P\000e\000r\000R\000o\000u\000t\000e}{subsection.7.7.4}% 133
\BOOKMARK [3][-]{subsubsection.7.7.4.6}{\376\377\0007\000.\0007\000.\0004\000.\0006\000\040\000n\000o\000d\000e\000s}{subsection.7.7.4}% 134
\BOOKMARK [3][-]{subsubsection.7.7.4.7}{\376\377\0007\000.\0007\000.\0004\000.\0007\000\040\000r\000e\000a\000d\000y\000T\000i\000m\000e}{subsection.7.7.4}% 135
\BOOKMARK [3][-]{subsubsection.7.7.4.8}{\376\377\0007\000.\0007\000.\0004\000.\0008\000\040\000s\000c\000o\000r\000e}{subsection.7.7.4}% 136
\BOOKMARK [3][-]{subsubsection.7.7.4.9}{\376\377\0007\000.\0007\000.\0004\000.\0009\000\040\000s\000e\000r\000v\000i\000c\000e\000T\000i\000m\000e}{subsection.7.7.4}% 137
\BOOKMARK [3][-]{subsubsection.7.7.4.10}{\376\377\0007\000.\0007\000.\0004\000.\0001\0000\000\040\000v\000e\000h\000i\000c\000l\000e\000s}{subsection.7.7.4}% 138
\BOOKMARK [3][-]{subsubsection.7.7.4.11}{\376\377\0007\000.\0007\000.\0004\000.\0001\0001\000\040\000x}{subsection.7.7.4}% 139
\BOOKMARK [3][-]{subsubsection.7.7.4.12}{\376\377\0007\000.\0007\000.\0004\000.\0001\0002\000\040\000y}{subsection.7.7.4}% 140
\BOOKMARK [1][-]{section.7.8}{\376\377\0007\000.\0008\000\040\000R\000e\000f\000e\000r\000e\000n\000c\000i\000a\000\040\000d\000e\000\040\000l\000a\000\040\000c\000l\000a\000s\000e\000\040\000t\000o\000p\000.\000T\000O\000P\000T\000W\000E\000v\000a\000l\000u\000a\000t\000o\000r}{chapter.7}% 141
\BOOKMARK [2][-]{subsection.7.8.1}{\376\377\0007\000.\0008\000.\0001\000\040\000D\000e\000s\000c\000r\000i\000p\000c\000i\000\363\000n\000\040\000d\000e\000t\000a\000l\000l\000a\000d\000a}{section.7.8}% 142
\BOOKMARK [2][-]{subsection.7.8.2}{\376\377\0007\000.\0008\000.\0002\000\040\000D\000o\000c\000u\000m\000e\000n\000t\000a\000c\000i\000\363\000n\000\040\000d\000e\000\040\000f\000u\000n\000c\000i\000o\000n\000e\000s\000\040\000m\000i\000e\000m\000b\000r\000o}{section.7.8}% 143
\BOOKMARK [3][-]{subsubsection.7.8.2.1}{\376\377\0007\000.\0008\000.\0002\000.\0001\000\040\000e\000v\000a\000l\000u\000a\000t\000e\000\050\000\051}{subsection.7.8.2}% 144
\BOOKMARK [2][-]{subsection.7.8.3}{\376\377\0007\000.\0008\000.\0003\000\040\000D\000o\000c\000u\000m\000e\000n\000t\000a\000c\000i\000\363\000n\000\040\000d\000e\000\040\000d\000a\000t\000o\000s\000\040\000m\000i\000e\000m\000b\000r\000o}{section.7.8}% 145
\BOOKMARK [3][-]{subsubsection.7.8.3.1}{\376\377\0007\000.\0008\000.\0003\000.\0001\000\040\000N\000O\000\137\000E\000V\000A\000L\000U\000A\000T\000E\000D}{subsection.7.8.3}% 146
\BOOKMARK [1][-]{section.7.9}{\376\377\0007\000.\0009\000\040\000R\000e\000f\000e\000r\000e\000n\000c\000i\000a\000\040\000d\000e\000\040\000l\000a\000\040\000c\000l\000a\000s\000e\000\040\000t\000o\000p\000.\000T\000O\000P\000T\000W\000G\000R\000A\000S\000P}{chapter.7}% 147
\BOOKMARK [2][-]{subsection.7.9.1}{\376\377\0007\000.\0009\000.\0001\000\040\000D\000e\000s\000c\000r\000i\000p\000c\000i\000\363\000n\000\040\000d\000e\000t\000a\000l\000l\000a\000d\000a}{section.7.9}% 148
\BOOKMARK [2][-]{subsection.7.9.2}{\376\377\0007\000.\0009\000.\0002\000\040\000D\000o\000c\000u\000m\000e\000n\000t\000a\000c\000i\000\363\000n\000\040\000d\000e\000\040\000c\000o\000n\000s\000t\000r\000u\000c\000t\000o\000r\000e\000s\000\040\000y\000\040\000d\000e\000s\000t\000r\000u\000c\000t\000o\000r\000e\000s}{section.7.9}% 149
\BOOKMARK [3][-]{subsubsection.7.9.2.1}{\376\377\0007\000.\0009\000.\0002\000.\0001\000\040\000T\000O\000P\000T\000W\000G\000R\000A\000S\000P\000\050\000\051}{subsection.7.9.2}% 150
\BOOKMARK [2][-]{subsection.7.9.3}{\376\377\0007\000.\0009\000.\0003\000\040\000D\000o\000c\000u\000m\000e\000n\000t\000a\000c\000i\000\363\000n\000\040\000d\000e\000\040\000f\000u\000n\000c\000i\000o\000n\000e\000s\000\040\000m\000i\000e\000m\000b\000r\000o}{section.7.9}% 151
\BOOKMARK [3][-]{subsubsection.7.9.3.1}{\376\377\0007\000.\0009\000.\0003\000.\0001\000\040\000a\000l\000e\000a\000t\000o\000r\000y\000S\000e\000l\000e\000c\000t\000i\000o\000n\000R\000C\000L\000\050\000\051}{subsection.7.9.3}% 152
\BOOKMARK [3][-]{subsubsection.7.9.3.2}{\376\377\0007\000.\0009\000.\0003\000.\0002\000\040\000c\000o\000m\000p\000r\000e\000h\000e\000n\000s\000i\000v\000e\000E\000v\000a\000l\000u\000a\000t\000i\000o\000n\000\050\000\051}{subsection.7.9.3}% 153
\BOOKMARK [3][-]{subsubsection.7.9.3.3}{\376\377\0007\000.\0009\000.\0003\000.\0003\000\040\000c\000o\000m\000p\000u\000t\000e\000G\000r\000e\000e\000d\000y\000S\000o\000l\000u\000t\000i\000o\000n\000\050\000\051}{subsection.7.9.3}% 154
\BOOKMARK [3][-]{subsubsection.7.9.3.4}{\376\377\0007\000.\0009\000.\0003\000.\0004\000\040\000f\000u\000z\000z\000y\000S\000e\000l\000e\000c\000t\000i\000o\000n\000A\000l\000p\000h\000a\000C\000u\000t\000R\000C\000L\000\050\000\051}{subsection.7.9.3}% 155
\BOOKMARK [3][-]{subsubsection.7.9.3.5}{\376\377\0007\000.\0009\000.\0003\000.\0005\000\040\000f\000u\000z\000z\000y\000S\000e\000l\000e\000c\000t\000i\000o\000n\000B\000e\000s\000t\000F\000D\000R\000C\000L\000\050\000\051}{subsection.7.9.3}% 156
\BOOKMARK [3][-]{subsubsection.7.9.3.6}{\376\377\0007\000.\0009\000.\0003\000.\0006\000\040\000g\000e\000t\000M\000a\000x\000S\000c\000o\000r\000e\000\050\000\051}{subsection.7.9.3}% 157
\BOOKMARK [3][-]{subsubsection.7.9.3.7}{\376\377\0007\000.\0009\000.\0003\000.\0007\000\040\000g\000e\000t\000S\000o\000l\000u\000t\000i\000o\000n\000\050\000\051}{subsection.7.9.3}% 158
\BOOKMARK [3][-]{subsubsection.7.9.3.8}{\376\377\0007\000.\0009\000.\0003\000.\0008\000\040\000g\000e\000t\000S\000o\000l\000u\000t\000i\000o\000n\000T\000i\000m\000e\000\050\000\051}{subsection.7.9.3}% 159
\BOOKMARK [3][-]{subsubsection.7.9.3.9}{\376\377\0007\000.\0009\000.\0003\000.\0009\000\040\000G\000R\000A\000S\000P\000\050\000\051}{subsection.7.9.3}% 160
\BOOKMARK [3][-]{subsubsection.7.9.3.10}{\376\377\0007\000.\0009\000.\0003\000.\0001\0000\000\040\000s\000e\000t\000S\000o\000l\000u\000t\000i\000o\000n\000\050\000\051}{subsection.7.9.3}% 161
\BOOKMARK [3][-]{subsubsection.7.9.3.11}{\376\377\0007\000.\0009\000.\0003\000.\0001\0001\000\040\000s\000e\000t\000S\000o\000l\000u\000t\000i\000o\000n\000T\000i\000m\000e\000\050\000\051}{subsection.7.9.3}% 162
\BOOKMARK [3][-]{subsubsection.7.9.3.12}{\376\377\0007\000.\0009\000.\0003\000.\0001\0002\000\040\000u\000p\000d\000a\000t\000e\000S\000o\000l\000u\000t\000i\000o\000n\000\050\000\051}{subsection.7.9.3}% 163
\BOOKMARK [2][-]{subsection.7.9.4}{\376\377\0007\000.\0009\000.\0004\000\040\000D\000o\000c\000u\000m\000e\000n\000t\000a\000c\000i\000\363\000n\000\040\000d\000e\000\040\000d\000a\000t\000o\000s\000\040\000m\000i\000e\000m\000b\000r\000o}{section.7.9}% 164
\BOOKMARK [3][-]{subsubsection.7.9.4.1}{\376\377\0007\000.\0009\000.\0004\000.\0001\000\040\000N\000O\000\137\000E\000V\000A\000L\000U\000A\000T\000E\000D}{subsection.7.9.4}% 165
\BOOKMARK [3][-]{subsubsection.7.9.4.2}{\376\377\0007\000.\0009\000.\0004\000.\0002\000\040\000R\000A\000N\000D\000O\000M}{subsection.7.9.4}% 166
\BOOKMARK [3][-]{subsubsection.7.9.4.3}{\376\377\0007\000.\0009\000.\0004\000.\0003\000\040\000s\000o\000l\000u\000t\000i\000o\000n}{subsection.7.9.4}% 167
\BOOKMARK [3][-]{subsubsection.7.9.4.4}{\376\377\0007\000.\0009\000.\0004\000.\0004\000\040\000s\000o\000l\000u\000t\000i\000o\000n\000T\000i\000m\000e}{subsection.7.9.4}% 168
\BOOKMARK [1][-]{section.7.10}{\376\377\0007\000.\0001\0000\000\040\000R\000e\000f\000e\000r\000e\000n\000c\000i\000a\000\040\000d\000e\000\040\000l\000a\000\040\000c\000l\000a\000s\000e\000\040\000t\000o\000p\000.\000T\000O\000P\000T\000W\000R\000e\000a\000d\000e\000r}{chapter.7}% 169
\BOOKMARK [2][-]{subsection.7.10.1}{\376\377\0007\000.\0001\0000\000.\0001\000\040\000D\000e\000s\000c\000r\000i\000p\000c\000i\000\363\000n\000\040\000d\000e\000t\000a\000l\000l\000a\000d\000a}{section.7.10}% 170
\BOOKMARK [2][-]{subsection.7.10.2}{\376\377\0007\000.\0001\0000\000.\0002\000\040\000D\000o\000c\000u\000m\000e\000n\000t\000a\000c\000i\000\363\000n\000\040\000d\000e\000\040\000f\000u\000n\000c\000i\000o\000n\000e\000s\000\040\000m\000i\000e\000m\000b\000r\000o}{section.7.10}% 171
\BOOKMARK [3][-]{subsubsection.7.10.2.1}{\376\377\0007\000.\0001\0000\000.\0002\000.\0001\000\040\000r\000e\000a\000d\000P\000r\000o\000b\000l\000e\000m\000\050\000\051}{subsection.7.10.2}% 172
\BOOKMARK [1][-]{section.7.11}{\376\377\0007\000.\0001\0001\000\040\000R\000e\000f\000e\000r\000e\000n\000c\000i\000a\000\040\000d\000e\000\040\000l\000a\000\040\000c\000l\000a\000s\000e\000\040\000t\000o\000p\000.\000T\000O\000P\000T\000W\000R\000o\000u\000t\000e}{chapter.7}% 173
\BOOKMARK [2][-]{subsection.7.11.1}{\376\377\0007\000.\0001\0001\000.\0001\000\040\000D\000e\000s\000c\000r\000i\000p\000c\000i\000\363\000n\000\040\000d\000e\000t\000a\000l\000l\000a\000d\000a}{section.7.11}% 174
\BOOKMARK [2][-]{subsection.7.11.2}{\376\377\0007\000.\0001\0001\000.\0002\000\040\000D\000o\000c\000u\000m\000e\000n\000t\000a\000c\000i\000\363\000n\000\040\000d\000e\000\040\000f\000u\000n\000c\000i\000o\000n\000e\000s\000\040\000m\000i\000e\000m\000b\000r\000o}{section.7.11}% 175
\BOOKMARK [3][-]{subsubsection.7.11.2.1}{\376\377\0007\000.\0001\0001\000.\0002\000.\0001\000\040\000g\000e\000t\000I\000d\000\050\000\051}{subsection.7.11.2}% 176
\BOOKMARK [3][-]{subsubsection.7.11.2.2}{\376\377\0007\000.\0001\0001\000.\0002\000.\0002\000\040\000g\000e\000t\000P\000r\000e\000d\000e\000c\000c\000e\000s\000o\000r\000\050\000\051}{subsection.7.11.2}% 177
\BOOKMARK [3][-]{subsubsection.7.11.2.3}{\376\377\0007\000.\0001\0001\000.\0002\000.\0003\000\040\000g\000e\000t\000S\000u\000c\000c\000e\000s\000o\000r\000\050\000\051}{subsection.7.11.2}% 178
\BOOKMARK [3][-]{subsubsection.7.11.2.4}{\376\377\0007\000.\0001\0001\000.\0002\000.\0004\000\040\000s\000e\000t\000I\000d\000\050\000\051}{subsection.7.11.2}% 179
\BOOKMARK [3][-]{subsubsection.7.11.2.5}{\376\377\0007\000.\0001\0001\000.\0002\000.\0005\000\040\000s\000e\000t\000P\000r\000e\000d\000e\000c\000c\000e\000s\000o\000r\000\050\000\051}{subsection.7.11.2}% 180
\BOOKMARK [3][-]{subsubsection.7.11.2.6}{\376\377\0007\000.\0001\0001\000.\0002\000.\0006\000\040\000s\000e\000t\000S\000u\000c\000c\000e\000s\000o\000r\000\050\000\051}{subsection.7.11.2}% 181
\BOOKMARK [1][-]{section.7.12}{\376\377\0007\000.\0001\0002\000\040\000R\000e\000f\000e\000r\000e\000n\000c\000i\000a\000\040\000d\000e\000\040\000l\000a\000\040\000c\000l\000a\000s\000e\000\040\000t\000o\000p\000.\000T\000O\000P\000T\000W\000S\000o\000l\000u\000t\000i\000o\000n}{chapter.7}% 182
\BOOKMARK [2][-]{subsection.7.12.1}{\376\377\0007\000.\0001\0002\000.\0001\000\040\000D\000e\000s\000c\000r\000i\000p\000c\000i\000\363\000n\000\040\000d\000e\000t\000a\000l\000l\000a\000d\000a}{section.7.12}% 183
\BOOKMARK [2][-]{subsection.7.12.2}{\376\377\0007\000.\0001\0002\000.\0002\000\040\000D\000o\000c\000u\000m\000e\000n\000t\000a\000c\000i\000\363\000n\000\040\000d\000e\000\040\000c\000o\000n\000s\000t\000r\000u\000c\000t\000o\000r\000e\000s\000\040\000y\000\040\000d\000e\000s\000t\000r\000u\000c\000t\000o\000r\000e\000s}{section.7.12}% 184
\BOOKMARK [3][-]{subsubsection.7.12.2.1}{\376\377\0007\000.\0001\0002\000.\0002\000.\0001\000\040\000T\000O\000P\000T\000W\000S\000o\000l\000u\000t\000i\000o\000n\000\050\000\051}{subsection.7.12.2}% 185
\BOOKMARK [2][-]{subsection.7.12.3}{\376\377\0007\000.\0001\0002\000.\0003\000\040\000D\000o\000c\000u\000m\000e\000n\000t\000a\000c\000i\000\363\000n\000\040\000d\000e\000\040\000f\000u\000n\000c\000i\000o\000n\000e\000s\000\040\000m\000i\000e\000m\000b\000r\000o}{section.7.12}% 186
\BOOKMARK [3][-]{subsubsection.7.12.3.1}{\376\377\0007\000.\0001\0002\000.\0003\000.\0001\000\040\000a\000d\000d\000R\000o\000u\000t\000e\000\050\000\051}{subsection.7.12.3}% 187
\BOOKMARK [3][-]{subsubsection.7.12.3.2}{\376\377\0007\000.\0001\0002\000.\0003\000.\0002\000\040\000e\000q\000u\000a\000l\000s\000\050\000\051\000\040\000[\0001\000/\0002\000]}{subsection.7.12.3}% 188
\BOOKMARK [3][-]{subsubsection.7.12.3.3}{\376\377\0007\000.\0001\0002\000.\0003\000.\0003\000\040\000e\000q\000u\000a\000l\000s\000\050\000\051\000\040\000[\0002\000/\0002\000]}{subsection.7.12.3}% 189
\BOOKMARK [3][-]{subsubsection.7.12.3.4}{\376\377\0007\000.\0001\0002\000.\0003\000.\0004\000\040\000e\000v\000a\000l\000u\000a\000t\000e\000F\000i\000t\000n\000e\000s\000s\000\050\000\051}{subsection.7.12.3}% 190
\BOOKMARK [3][-]{subsubsection.7.12.3.5}{\376\377\0007\000.\0001\0002\000.\0003\000.\0005\000\040\000g\000e\000t\000A\000v\000a\000i\000l\000a\000b\000l\000e\000V\000e\000h\000i\000c\000l\000e\000s\000\050\000\051}{subsection.7.12.3}% 191
\BOOKMARK [3][-]{subsubsection.7.12.3.6}{\376\377\0007\000.\0001\0002\000.\0003\000.\0006\000\040\000g\000e\000t\000C\000r\000e\000a\000t\000e\000d\000R\000o\000u\000t\000e\000s\000\050\000\051}{subsection.7.12.3}% 192
\BOOKMARK [3][-]{subsubsection.7.12.3.7}{\376\377\0007\000.\0001\0002\000.\0003\000.\0007\000\040\000g\000e\000t\000D\000i\000s\000t\000a\000n\000c\000e\000\050\000\051}{subsection.7.12.3}% 193
\BOOKMARK [3][-]{subsubsection.7.12.3.8}{\376\377\0007\000.\0001\0002\000.\0003\000.\0008\000\040\000g\000e\000t\000I\000n\000d\000e\000x\000R\000o\000u\000t\000e\000\050\000\051}{subsection.7.12.3}% 194
\BOOKMARK [3][-]{subsubsection.7.12.3.9}{\376\377\0007\000.\0001\0002\000.\0003\000.\0009\000\040\000g\000e\000t\000I\000n\000f\000o\000S\000o\000l\000u\000t\000i\000o\000n\000\050\000\051}{subsection.7.12.3}% 195
\BOOKMARK [3][-]{subsubsection.7.12.3.10}{\376\377\0007\000.\0001\0002\000.\0003\000.\0001\0000\000\040\000g\000e\000t\000O\000b\000j\000e\000c\000t\000i\000v\000e\000F\000u\000n\000c\000t\000i\000o\000n\000V\000a\000l\000u\000e\000\050\000\051}{subsection.7.12.3}% 196
\BOOKMARK [3][-]{subsubsection.7.12.3.11}{\376\377\0007\000.\0001\0002\000.\0003\000.\0001\0001\000\040\000g\000e\000t\000P\000o\000s\000i\000t\000i\000o\000n\000I\000n\000R\000o\000u\000t\000e\000\050\000\051}{subsection.7.12.3}% 197
\BOOKMARK [3][-]{subsubsection.7.12.3.12}{\376\377\0007\000.\0001\0002\000.\0003\000.\0001\0002\000\040\000g\000e\000t\000P\000r\000e\000d\000e\000c\000e\000s\000s\000o\000r\000\050\000\051}{subsection.7.12.3}% 198
\BOOKMARK [3][-]{subsubsection.7.12.3.13}{\376\377\0007\000.\0001\0002\000.\0003\000.\0001\0003\000\040\000g\000e\000t\000P\000r\000e\000d\000e\000c\000e\000s\000s\000o\000r\000s\000\050\000\051}{subsection.7.12.3}% 199
\BOOKMARK [3][-]{subsubsection.7.12.3.14}{\376\377\0007\000.\0001\0002\000.\0003\000.\0001\0004\000\040\000g\000e\000t\000P\000r\000o\000b\000l\000e\000m\000\050\000\051}{subsection.7.12.3}% 200
\BOOKMARK [3][-]{subsubsection.7.12.3.15}{\376\377\0007\000.\0001\0002\000.\0003\000.\0001\0005\000\040\000g\000e\000t\000S\000u\000c\000c\000e\000s\000s\000o\000r\000\050\000\051}{subsection.7.12.3}% 201
\BOOKMARK [3][-]{subsubsection.7.12.3.16}{\376\377\0007\000.\0001\0002\000.\0003\000.\0001\0006\000\040\000g\000e\000t\000S\000u\000c\000c\000e\000s\000s\000o\000r\000s\000\050\000\051}{subsection.7.12.3}% 202
\BOOKMARK [3][-]{subsubsection.7.12.3.17}{\376\377\0007\000.\0001\0002\000.\0003\000.\0001\0007\000\040\000g\000e\000t\000W\000a\000i\000t\000i\000n\000g\000T\000i\000m\000e\000\050\000\051}{subsection.7.12.3}% 203
\BOOKMARK [3][-]{subsubsection.7.12.3.18}{\376\377\0007\000.\0001\0002\000.\0003\000.\0001\0008\000\040\000h\000a\000s\000h\000C\000o\000d\000e\000\050\000\051}{subsection.7.12.3}% 204
\BOOKMARK [3][-]{subsubsection.7.12.3.19}{\376\377\0007\000.\0001\0002\000.\0003\000.\0001\0009\000\040\000i\000n\000i\000t\000S\000o\000l\000u\000t\000i\000o\000n\000\050\000\051}{subsection.7.12.3}% 205
\BOOKMARK [3][-]{subsubsection.7.12.3.20}{\376\377\0007\000.\0001\0002\000.\0003\000.\0002\0000\000\040\000i\000s\000D\000e\000p\000o\000t\000\050\000\051}{subsection.7.12.3}% 206
\BOOKMARK [3][-]{subsubsection.7.12.3.21}{\376\377\0007\000.\0001\0002\000.\0003\000.\0002\0001\000\040\000p\000r\000i\000n\000t\000S\000o\000l\000u\000t\000i\000o\000n\000\050\000\051}{subsection.7.12.3}% 207
\BOOKMARK [3][-]{subsubsection.7.12.3.22}{\376\377\0007\000.\0001\0002\000.\0003\000.\0002\0002\000\040\000s\000e\000t\000A\000v\000a\000i\000l\000a\000b\000l\000e\000V\000e\000h\000i\000c\000l\000e\000s\000\050\000\051}{subsection.7.12.3}% 208
\BOOKMARK [3][-]{subsubsection.7.12.3.23}{\376\377\0007\000.\0001\0002\000.\0003\000.\0002\0003\000\040\000s\000e\000t\000O\000b\000j\000e\000c\000t\000i\000v\000e\000F\000u\000n\000c\000t\000i\000o\000n\000V\000a\000l\000u\000e\000\050\000\051}{subsection.7.12.3}% 209
\BOOKMARK [3][-]{subsubsection.7.12.3.24}{\376\377\0007\000.\0001\0002\000.\0003\000.\0002\0004\000\040\000s\000e\000t\000P\000o\000s\000i\000t\000i\000o\000n\000I\000n\000R\000o\000u\000t\000e\000\050\000\051}{subsection.7.12.3}% 210
\BOOKMARK [3][-]{subsubsection.7.12.3.25}{\376\377\0007\000.\0001\0002\000.\0003\000.\0002\0005\000\040\000s\000e\000t\000P\000r\000e\000d\000e\000c\000e\000s\000s\000o\000r\000\050\000\051}{subsection.7.12.3}% 211
\BOOKMARK [3][-]{subsubsection.7.12.3.26}{\376\377\0007\000.\0001\0002\000.\0003\000.\0002\0006\000\040\000s\000e\000t\000S\000u\000c\000c\000e\000s\000s\000o\000r\000\050\000\051}{subsection.7.12.3}% 212
\BOOKMARK [3][-]{subsubsection.7.12.3.27}{\376\377\0007\000.\0001\0002\000.\0003\000.\0002\0007\000\040\000s\000e\000t\000W\000a\000i\000t\000i\000n\000g\000T\000i\000m\000e\000\050\000\051}{subsection.7.12.3}% 213
\BOOKMARK [2][-]{subsection.7.12.4}{\376\377\0007\000.\0001\0002\000.\0004\000\040\000D\000o\000c\000u\000m\000e\000n\000t\000a\000c\000i\000\363\000n\000\040\000d\000e\000\040\000d\000a\000t\000o\000s\000\040\000m\000i\000e\000m\000b\000r\000o}{section.7.12}% 214
\BOOKMARK [3][-]{subsubsection.7.12.4.1}{\376\377\0007\000.\0001\0002\000.\0004\000.\0001\000\040\000a\000v\000a\000i\000l\000a\000b\000l\000e\000V\000e\000h\000i\000c\000l\000e\000s}{subsection.7.12.4}% 215
\BOOKMARK [3][-]{subsubsection.7.12.4.2}{\376\377\0007\000.\0001\0002\000.\0004\000.\0002\000\040\000N\000O\000\137\000I\000N\000I\000T\000I\000A\000L\000I\000Z\000E\000D}{subsection.7.12.4}% 216
\BOOKMARK [3][-]{subsubsection.7.12.4.3}{\376\377\0007\000.\0001\0002\000.\0004\000.\0003\000\040\000o\000b\000j\000e\000c\000t\000i\000v\000e\000F\000u\000n\000c\000t\000i\000o\000n\000V\000a\000l\000u\000e}{subsection.7.12.4}% 217
\BOOKMARK [3][-]{subsubsection.7.12.4.4}{\376\377\0007\000.\0001\0002\000.\0004\000.\0004\000\040\000p\000o\000s\000i\000t\000i\000o\000n\000I\000n\000R\000o\000u\000t\000e}{subsection.7.12.4}% 218
\BOOKMARK [3][-]{subsubsection.7.12.4.5}{\376\377\0007\000.\0001\0002\000.\0004\000.\0005\000\040\000p\000r\000e\000d\000e\000c\000e\000s\000s\000o\000r\000s}{subsection.7.12.4}% 219
\BOOKMARK [3][-]{subsubsection.7.12.4.6}{\376\377\0007\000.\0001\0002\000.\0004\000.\0006\000\040\000p\000r\000o\000b\000l\000e\000m}{subsection.7.12.4}% 220
\BOOKMARK [3][-]{subsubsection.7.12.4.7}{\376\377\0007\000.\0001\0002\000.\0004\000.\0007\000\040\000r\000o\000u\000t\000e\000s}{subsection.7.12.4}% 221
\BOOKMARK [3][-]{subsubsection.7.12.4.8}{\376\377\0007\000.\0001\0002\000.\0004\000.\0008\000\040\000s\000u\000c\000c\000e\000s\000s\000o\000r\000s}{subsection.7.12.4}% 222
\BOOKMARK [3][-]{subsubsection.7.12.4.9}{\376\377\0007\000.\0001\0002\000.\0004\000.\0009\000\040\000w\000a\000i\000t\000i\000n\000g\000T\000i\000m\000e}{subsection.7.12.4}% 223
\BOOKMARK [0][-]{chapter.8}{\376\377\0008\000\040\000D\000o\000c\000u\000m\000e\000n\000t\000a\000c\000i\000\363\000n\000\040\000d\000e\000\040\000a\000r\000c\000h\000i\000v\000o\000s}{}% 224
\BOOKMARK [1][-]{section.8.1}{\376\377\0008\000.\0001\000\040\000R\000e\000f\000e\000r\000e\000n\000c\000i\000a\000\040\000d\000e\000l\000\040\000a\000r\000c\000h\000i\000v\000o\000\040\000C\000:\000/\000U\000s\000e\000r\000s\000/\000K\000e\000f\000l\000e\000/\000D\000e\000s\000k\000t\000o\000p\000/\000E\000x\000p\000o\000s\000i\000t\000o\000T\000O\000P\000/\000s\000r\000c\000/\000e\000s\000/\000u\000l\000l\000/\000e\000s\000i\000t\000/\000u\000t\000i\000l\000i\000t\000i\000e\000s\000/\000B\000e\000l\000l\000m\000a\000n\000F\000o\000r\000d\000.\000j\000a\000v\000a}{chapter.8}% 225
\BOOKMARK [2][-]{subsection.8.1.1}{\376\377\0008\000.\0001\000.\0001\000\040\000D\000e\000s\000c\000r\000i\000p\000c\000i\000\363\000n\000\040\000d\000e\000t\000a\000l\000l\000a\000d\000a}{section.8.1}% 226
\BOOKMARK [1][-]{section.8.2}{\376\377\0008\000.\0002\000\040\000B\000e\000l\000l\000m\000a\000n\000F\000o\000r\000d\000.\000j\000a\000v\000a}{chapter.8}% 227
\BOOKMARK [1][-]{section.8.3}{\376\377\0008\000.\0003\000\040\000R\000e\000f\000e\000r\000e\000n\000c\000i\000a\000\040\000d\000e\000l\000\040\000a\000r\000c\000h\000i\000v\000o\000\040\000C\000:\000/\000U\000s\000e\000r\000s\000/\000K\000e\000f\000l\000e\000/\000D\000e\000s\000k\000t\000o\000p\000/\000E\000x\000p\000o\000s\000i\000t\000o\000T\000O\000P\000/\000s\000r\000c\000/\000e\000s\000/\000u\000l\000l\000/\000e\000s\000i\000t\000/\000u\000t\000i\000l\000i\000t\000i\000e\000s\000/\000E\000x\000p\000o\000s\000i\000t\000o\000U\000t\000i\000l\000i\000t\000i\000e\000s\000.\000j\000a\000v\000a}{chapter.8}% 228
\BOOKMARK [2][-]{subsection.8.3.1}{\376\377\0008\000.\0003\000.\0001\000\040\000D\000e\000s\000c\000r\000i\000p\000c\000i\000\363\000n\000\040\000d\000e\000t\000a\000l\000l\000a\000d\000a}{section.8.3}% 229
\BOOKMARK [1][-]{section.8.4}{\376\377\0008\000.\0004\000\040\000E\000x\000p\000o\000s\000i\000t\000o\000U\000t\000i\000l\000i\000t\000i\000e\000s\000.\000j\000a\000v\000a}{chapter.8}% 230
\BOOKMARK [1][-]{section.8.5}{\376\377\0008\000.\0005\000\040\000R\000e\000f\000e\000r\000e\000n\000c\000i\000a\000\040\000d\000e\000l\000\040\000a\000r\000c\000h\000i\000v\000o\000\040\000C\000:\000/\000U\000s\000e\000r\000s\000/\000K\000e\000f\000l\000e\000/\000D\000e\000s\000k\000t\000o\000p\000/\000E\000x\000p\000o\000s\000i\000t\000o\000T\000O\000P\000/\000s\000r\000c\000/\000e\000s\000/\000u\000l\000l\000/\000e\000s\000i\000t\000/\000u\000t\000i\000l\000i\000t\000i\000e\000s\000/\000P\000o\000w\000e\000r\000S\000e\000t\000.\000j\000a\000v\000a}{chapter.8}% 231
\BOOKMARK [2][-]{subsection.8.5.1}{\376\377\0008\000.\0005\000.\0001\000\040\000D\000e\000s\000c\000r\000i\000p\000c\000i\000\363\000n\000\040\000d\000e\000t\000a\000l\000l\000a\000d\000a}{section.8.5}% 232
\BOOKMARK [1][-]{section.8.6}{\376\377\0008\000.\0006\000\040\000P\000o\000w\000e\000r\000S\000e\000t\000.\000j\000a\000v\000a}{chapter.8}% 233
\BOOKMARK [1][-]{section.8.7}{\376\377\0008\000.\0007\000\040\000R\000e\000f\000e\000r\000e\000n\000c\000i\000a\000\040\000d\000e\000l\000\040\000a\000r\000c\000h\000i\000v\000o\000\040\000C\000:\000/\000U\000s\000e\000r\000s\000/\000K\000e\000f\000l\000e\000/\000D\000e\000s\000k\000t\000o\000p\000/\000E\000x\000p\000o\000s\000i\000t\000o\000T\000O\000P\000/\000s\000r\000c\000/\000e\000s\000/\000u\000l\000l\000/\000e\000s\000i\000t\000/\000u\000t\000i\000l\000s\000/\000P\000a\000i\000r\000.\000j\000a\000v\000a}{chapter.8}% 234
\BOOKMARK [2][-]{subsection.8.7.1}{\376\377\0008\000.\0007\000.\0001\000\040\000D\000e\000s\000c\000r\000i\000p\000c\000i\000\363\000n\000\040\000d\000e\000t\000a\000l\000l\000a\000d\000a}{section.8.7}% 235
\BOOKMARK [1][-]{section.8.8}{\376\377\0008\000.\0008\000\040\000P\000a\000i\000r\000.\000j\000a\000v\000a}{chapter.8}% 236
\BOOKMARK [1][-]{section.8.9}{\376\377\0008\000.\0009\000\040\000R\000e\000f\000e\000r\000e\000n\000c\000i\000a\000\040\000d\000e\000l\000\040\000a\000r\000c\000h\000i\000v\000o\000\040\000C\000:\000/\000U\000s\000e\000r\000s\000/\000K\000e\000f\000l\000e\000/\000D\000e\000s\000k\000t\000o\000p\000/\000E\000x\000p\000o\000s\000i\000t\000o\000T\000O\000P\000/\000s\000r\000c\000/\000t\000o\000p\000/\000m\000a\000i\000n\000T\000O\000P\000T\000W\000.\000j\000a\000v\000a}{chapter.8}% 237
\BOOKMARK [2][-]{subsection.8.9.1}{\376\377\0008\000.\0009\000.\0001\000\040\000D\000e\000s\000c\000r\000i\000p\000c\000i\000\363\000n\000\040\000d\000e\000t\000a\000l\000l\000a\000d\000a}{section.8.9}% 238
\BOOKMARK [1][-]{section.8.10}{\376\377\0008\000.\0001\0000\000\040\000m\000a\000i\000n\000T\000O\000P\000T\000W\000.\000j\000a\000v\000a}{chapter.8}% 239
\BOOKMARK [1][-]{section.8.11}{\376\377\0008\000.\0001\0001\000\040\000R\000e\000f\000e\000r\000e\000n\000c\000i\000a\000\040\000d\000e\000l\000\040\000a\000r\000c\000h\000i\000v\000o\000\040\000C\000:\000/\000U\000s\000e\000r\000s\000/\000K\000e\000f\000l\000e\000/\000D\000e\000s\000k\000t\000o\000p\000/\000E\000x\000p\000o\000s\000i\000t\000o\000T\000O\000P\000/\000s\000r\000c\000/\000t\000o\000p\000/\000T\000O\000P\000T\000W\000.\000j\000a\000v\000a}{chapter.8}% 240
\BOOKMARK [2][-]{subsection.8.11.1}{\376\377\0008\000.\0001\0001\000.\0001\000\040\000D\000e\000s\000c\000r\000i\000p\000c\000i\000\363\000n\000\040\000d\000e\000t\000a\000l\000l\000a\000d\000a}{section.8.11}% 241
\BOOKMARK [1][-]{section.8.12}{\376\377\0008\000.\0001\0002\000\040\000T\000O\000P\000T\000W\000.\000j\000a\000v\000a}{chapter.8}% 242
\BOOKMARK [1][-]{section.8.13}{\376\377\0008\000.\0001\0003\000\040\000R\000e\000f\000e\000r\000e\000n\000c\000i\000a\000\040\000d\000e\000l\000\040\000a\000r\000c\000h\000i\000v\000o\000\040\000C\000:\000/\000U\000s\000e\000r\000s\000/\000K\000e\000f\000l\000e\000/\000D\000e\000s\000k\000t\000o\000p\000/\000E\000x\000p\000o\000s\000i\000t\000o\000T\000O\000P\000/\000s\000r\000c\000/\000t\000o\000p\000/\000T\000O\000P\000T\000W\000E\000v\000a\000l\000u\000a\000t\000o\000r\000.\000j\000a\000v\000a}{chapter.8}% 243
\BOOKMARK [2][-]{subsection.8.13.1}{\376\377\0008\000.\0001\0003\000.\0001\000\040\000D\000e\000s\000c\000r\000i\000p\000c\000i\000\363\000n\000\040\000d\000e\000t\000a\000l\000l\000a\000d\000a}{section.8.13}% 244
\BOOKMARK [1][-]{section.8.14}{\376\377\0008\000.\0001\0004\000\040\000T\000O\000P\000T\000W\000E\000v\000a\000l\000u\000a\000t\000o\000r\000.\000j\000a\000v\000a}{chapter.8}% 245
\BOOKMARK [1][-]{section.8.15}{\376\377\0008\000.\0001\0005\000\040\000R\000e\000f\000e\000r\000e\000n\000c\000i\000a\000\040\000d\000e\000l\000\040\000a\000r\000c\000h\000i\000v\000o\000\040\000C\000:\000/\000U\000s\000e\000r\000s\000/\000K\000e\000f\000l\000e\000/\000D\000e\000s\000k\000t\000o\000p\000/\000E\000x\000p\000o\000s\000i\000t\000o\000T\000O\000P\000/\000s\000r\000c\000/\000t\000o\000p\000/\000T\000O\000P\000T\000W\000G\000R\000A\000S\000P\000.\000j\000a\000v\000a}{chapter.8}% 246
\BOOKMARK [2][-]{subsection.8.15.1}{\376\377\0008\000.\0001\0005\000.\0001\000\040\000D\000e\000s\000c\000r\000i\000p\000c\000i\000\363\000n\000\040\000d\000e\000t\000a\000l\000l\000a\000d\000a}{section.8.15}% 247
\BOOKMARK [1][-]{section.8.16}{\376\377\0008\000.\0001\0006\000\040\000T\000O\000P\000T\000W\000G\000R\000A\000S\000P\000.\000j\000a\000v\000a}{chapter.8}% 248
\BOOKMARK [1][-]{section.8.17}{\376\377\0008\000.\0001\0007\000\040\000R\000e\000f\000e\000r\000e\000n\000c\000i\000a\000\040\000d\000e\000l\000\040\000a\000r\000c\000h\000i\000v\000o\000\040\000C\000:\000/\000U\000s\000e\000r\000s\000/\000K\000e\000f\000l\000e\000/\000D\000e\000s\000k\000t\000o\000p\000/\000E\000x\000p\000o\000s\000i\000t\000o\000T\000O\000P\000/\000s\000r\000c\000/\000t\000o\000p\000/\000T\000O\000P\000T\000W\000R\000e\000a\000d\000e\000r\000.\000j\000a\000v\000a}{chapter.8}% 249
\BOOKMARK [2][-]{subsection.8.17.1}{\376\377\0008\000.\0001\0007\000.\0001\000\040\000D\000e\000s\000c\000r\000i\000p\000c\000i\000\363\000n\000\040\000d\000e\000t\000a\000l\000l\000a\000d\000a}{section.8.17}% 250
\BOOKMARK [1][-]{section.8.18}{\376\377\0008\000.\0001\0008\000\040\000T\000O\000P\000T\000W\000R\000e\000a\000d\000e\000r\000.\000j\000a\000v\000a}{chapter.8}% 251
\BOOKMARK [1][-]{section.8.19}{\376\377\0008\000.\0001\0009\000\040\000R\000e\000f\000e\000r\000e\000n\000c\000i\000a\000\040\000d\000e\000l\000\040\000a\000r\000c\000h\000i\000v\000o\000\040\000C\000:\000/\000U\000s\000e\000r\000s\000/\000K\000e\000f\000l\000e\000/\000D\000e\000s\000k\000t\000o\000p\000/\000E\000x\000p\000o\000s\000i\000t\000o\000T\000O\000P\000/\000s\000r\000c\000/\000t\000o\000p\000/\000T\000O\000P\000T\000W\000R\000o\000u\000t\000e\000.\000j\000a\000v\000a}{chapter.8}% 252
\BOOKMARK [2][-]{subsection.8.19.1}{\376\377\0008\000.\0001\0009\000.\0001\000\040\000D\000e\000s\000c\000r\000i\000p\000c\000i\000\363\000n\000\040\000d\000e\000t\000a\000l\000l\000a\000d\000a}{section.8.19}% 253
\BOOKMARK [1][-]{section.8.20}{\376\377\0008\000.\0002\0000\000\040\000T\000O\000P\000T\000W\000R\000o\000u\000t\000e\000.\000j\000a\000v\000a}{chapter.8}% 254
\BOOKMARK [1][-]{section.8.21}{\376\377\0008\000.\0002\0001\000\040\000R\000e\000f\000e\000r\000e\000n\000c\000i\000a\000\040\000d\000e\000l\000\040\000a\000r\000c\000h\000i\000v\000o\000\040\000C\000:\000/\000U\000s\000e\000r\000s\000/\000K\000e\000f\000l\000e\000/\000D\000e\000s\000k\000t\000o\000p\000/\000E\000x\000p\000o\000s\000i\000t\000o\000T\000O\000P\000/\000s\000r\000c\000/\000t\000o\000p\000/\000T\000O\000P\000T\000W\000S\000o\000l\000u\000t\000i\000o\000n\000.\000j\000a\000v\000a}{chapter.8}% 255
\BOOKMARK [2][-]{subsection.8.21.1}{\376\377\0008\000.\0002\0001\000.\0001\000\040\000D\000e\000s\000c\000r\000i\000p\000c\000i\000\363\000n\000\040\000d\000e\000t\000a\000l\000l\000a\000d\000a}{section.8.21}% 256
\BOOKMARK [1][-]{section.8.22}{\376\377\0008\000.\0002\0002\000\040\000T\000O\000P\000T\000W\000S\000o\000l\000u\000t\000i\000o\000n\000.\000j\000a\000v\000a}{chapter.8}% 257
\BOOKMARK [0][-]{section*.167}{\376\377\000\315\000n\000d\000i\000c\000e\000\040\000a\000l\000f\000a\000b\000\351\000t\000i\000c\000o}{}% 258
